1651088077171	geckodriver	INFO	Listening on 127.0.0.1:62384
1651088080218	mozrunner::runner	INFO	Running command: "C:\\Program Files\\Mozilla Firefox\\firefox.exe" "--marionette" "--remote-debugging-port" "62385" "--remote-allow-hosts" "localhost" "-no-remote" "-profile" "C:\\Users\\33652\\AppData\\Local\\Temp\\rust_mozprofilerkZLCi"
1651088080552	Marionette	INFO	Marionette enabled
console.warn: SearchSettings: "get: No settings file exists, new profile?" (new NotFoundError("Could not open the file at C:\\Users\\33652\\AppData\\Local\\Temp\\rust_mozprofilerkZLCi\\search.json.mozlz4", (void 0)))
DevTools listening on ws://localhost:62385/devtools/browser/277ceebc-ece2-475b-8fb2-ff47b807d414
1651088082850	Marionette	INFO	Listening on port 62409
Read port: 62409
1651088082978	RemoteAgent	WARN	TLS certificate errors will be ignored for this session
1651088122544	Marionette	INFO	Stopped listening on port 62409
console.warn: TopSitesFeed: Failed to fetch data from Contile server: NetworkError when attempting to fetch resource.

###!!! [Parent][PGPUParent] Error: RunMessage(msgname=PGPU::Msg_ShutdownVR) Channel closing: too late to send/recv, messages will be lost

1651088204460	geckodriver	INFO	Listening on 127.0.0.1:62463
1651088207534	mozrunner::runner	INFO	Running command: "C:\\Program Files\\Mozilla Firefox\\firefox.exe" "--marionette" "--remote-debugging-port" "62464" "--remote-allow-hosts" "localhost" "-no-remote" "-profile" "C:\\Users\\33652\\AppData\\Local\\Temp\\rust_mozprofileMBszuk"
1651088207890	Marionette	INFO	Marionette enabled
console.warn: SearchSettings: "get: No settings file exists, new profile?" (new NotFoundError("Could not open the file at C:\\Users\\33652\\AppData\\Local\\Temp\\rust_mozprofileMBszuk\\search.json.mozlz4", (void 0)))
DevTools listening on ws://localhost:62464/devtools/browser/2baa2427-c623-422f-bd31-ec2f8953a4d5
1651088210099	Marionette	INFO	Listening on port 62487
Read port: 62487
1651088210199	RemoteAgent	WARN	TLS certificate errors will be ignored for this session
1651088217620	Marionette	INFO	Stopped listening on port 62487
console.warn: TopSitesFeed: Failed to fetch data from Contile server: NetworkError when attempting to fetch resource.
1651088271831	geckodriver	INFO	Listening on 127.0.0.1:62590
1651088274896	mozrunner::runner	INFO	Running command: "C:\\Program Files\\Mozilla Firefox\\firefox.exe" "--marionette" "--remote-debugging-port" "62591" "--remote-allow-hosts" "localhost" "-no-remote" "-profile" "C:\\Users\\33652\\AppData\\Local\\Temp\\rust_mozprofileTT7WhO"
1651088275625	Marionette	INFO	Marionette enabled
console.warn: SearchSettings: "get: No settings file exists, new profile?" (new NotFoundError("Could not open the file at C:\\Users\\33652\\AppData\\Local\\Temp\\rust_mozprofileTT7WhO\\search.json.mozlz4", (void 0)))
DevTools listening on ws://localhost:62591/devtools/browser/12a2ace4-fec5-4ed4-b92e-b3623267334f
1651088277835	Marionette	INFO	Listening on port 62614
Read port: 62614
1651088277960	RemoteAgent	WARN	TLS certificate errors will be ignored for this session
console.warn: LoginRecipes: "getRecipes: falling back to a synchronous message for:" "https://fr.linkedin.com"
JavaScript warning: https://static-exp1.licdn.com/sc/h/20oldnhklhzz1f88661e0volz, line 88: WEBGL_debug_renderer_info is deprecated in Firefox and will be removed. Please use RENDERER.
console.warn: LoginRecipes: "getRecipes: falling back to a synchronous message for:" "https://www.linkedin.com"
console.warn: LoginRecipes: "getRecipes: falling back to a synchronous message for:" "https://www.linkedin.com"
JavaScript error: resource://gre/modules/LoginManagerParent.jsm, line 136: TypeError: gRecipeManager is null
console.warn: LoginRecipes: "getRecipes: falling back to a synchronous message for:" "https://www.linkedin.com"
JavaScript error: resource://gre/modules/LoginManagerParent.jsm, line 136: TypeError: gRecipeManager is null
console.warn: LoginRecipes: "getRecipes: falling back to a synchronous message for:" "https://www.linkedin.com"
JavaScript error: resource://gre/modules/LoginManagerParent.jsm, line 136: TypeError: gRecipeManager is null
JavaScript error: resource://devtools/client/framework/toolbox.js, line 3456: TypeError: data.frameData.id is null
console.warn: LoginRecipes: "getRecipes: falling back to a synchronous message for:" "https://www.linkedin.com"
JavaScript error: resource://gre/modules/LoginManagerParent.jsm, line 136: TypeError: gRecipeManager is null
JavaScript warning: https://static-exp1.licdn.com/sc/h/6zty0q7fkrt6l9k6ie7um2f6z, line 89: WEBGL_debug_renderer_info is deprecated in Firefox and will be removed. Please use RENDERER.
console.warn: "Async method failed in safeAsyncMethod" (new Error("Connection closed, pending request to server0.conn0.windowGlobal2147483670/layout25, type getGrids failed\n\nRequest stack:\nrequest@resource://devtools/shared/protocol/Front.js:292:14\ngenerateRequestMethods/</frontProto[name]@resource://devtools/shared/protocol/Front/FrontClassWithSpec.js:46:19\ngetAllGrids@resource://devtools/client/fronts/layout.js:171:17\nexports.safeAsyncMethod/<@resource://devtools/shared/async-utils.js:61:25\ngetGrids@resource://devtools/client/inspector/grids/grid-inspector.js:449:35\n", "resource://devtools/shared/protocol/Front.js", 106))
JavaScript warning: https://linkedin-api.arkoselabs.com/cdn/fc/js/57a9de1cb3ad7a57e0bc6f4635abd5096cad779a/standard/funcaptcha_api.js, line 2: WEBGL_debug_renderer_info is deprecated in Firefox and will be removed. Please use RENDERER.
JavaScript warning: https://linkedin-api.arkoselabs.com/cdn/fc/js/57a9de1cb3ad7a57e0bc6f4635abd5096cad779a/standard/fc_general.js, line 2: unreachable code after return statement
console.warn: "Async method failed in safeAsyncMethod" (new Error("Connection closed, pending request to server0.conn0.windowGlobal2147483676/layout25, type getGrids failed\n\nRequest stack:\nrequest@resource://devtools/shared/protocol/Front.js:292:14\ngenerateRequestMethods/</frontProto[name]@resource://devtools/shared/protocol/Front/FrontClassWithSpec.js:46:19\ngetAllGrids@resource://devtools/client/fronts/layout.js:171:17\nexports.safeAsyncMethod/<@resource://devtools/shared/async-utils.js:61:25\ngetGrids@resource://devtools/client/inspector/grids/grid-inspector.js:449:35\n", "resource://devtools/shared/protocol/Front.js", 106))
JavaScript error: , line 0: NotFoundError: No such JSWindowActor 'DevToolsFrame'
JavaScript error: , line 0: NotFoundError: No such JSWindowActor 'DevToolsFrame'
JavaScript error: , line 0: NotFoundError: No such JSWindowActor 'DevToolsFrame'
JavaScript error: , line 0: NotFoundError: No such JSWindowActor 'DevToolsFrame'
JavaScript error: , line 0: NotFoundError: No such JSWindowActor 'DevToolsFrame'
JavaScript error: , line 0: NotFoundError: No such JSWindowActor 'DevToolsFrame'
JavaScript error: , line 0: NotFoundError: No such JSWindowActor 'DevToolsFrame'
JavaScript error: , line 0: NotFoundError: No such JSWindowActor 'DevToolsFrame'
JavaScript error: , line 0: NotFoundError: No such JSWindowActor 'DevToolsFrame'
console.warn: LoginRecipes: "getRecipes: falling back to a synchronous message for:" "https://www.linkedin.com"
JavaScript error: resource://gre/modules/LoginManagerParent.jsm, line 136: TypeError: gRecipeManager is null
console.warn: LoginRecipes: "getRecipes: falling back to a synchronous message for:" "https://www.linkedin.com"
JavaScript error: resource://gre/modules/LoginManagerParent.jsm, line 136: TypeError: gRecipeManager is null
JavaScript warning: https://linkedin-api.arkoselabs.com/cdn/fc/js/57a9de1cb3ad7a57e0bc6f4635abd5096cad779a/standard/funcaptcha_api.js, line 2: WEBGL_debug_renderer_info is deprecated in Firefox and will be removed. Please use RENDERER.
JavaScript warning: https://static-exp1.licdn.com/sc/h/6zty0q7fkrt6l9k6ie7um2f6z, line 89: WEBGL_debug_renderer_info is deprecated in Firefox and will be removed. Please use RENDERER.
JavaScript warning: https://linkedin-api.arkoselabs.com/cdn/fc/js/57a9de1cb3ad7a57e0bc6f4635abd5096cad779a/standard/fc_general.js, line 2: unreachable code after return statement
console.warn: LoginRecipes: "getRecipes: falling back to a synchronous message for:" "https://www.linkedin.com"
JavaScript error: resource://gre/modules/LoginManagerParent.jsm, line 136: TypeError: gRecipeManager is null
console.warn: LoginRecipes: "getRecipes: falling back to a synchronous message for:" "https://www.linkedin.com"
JavaScript error: resource://gre/modules/LoginManagerParent.jsm, line 136: TypeError: gRecipeManager is null
JavaScript warning: https://linkedin-api.arkoselabs.com/cdn/fc/js/57a9de1cb3ad7a57e0bc6f4635abd5096cad779a/standard/funcaptcha_api.js, line 2: WEBGL_debug_renderer_info is deprecated in Firefox and will be removed. Please use RENDERER.
JavaScript warning: https://static-exp1.licdn.com/sc/h/6zty0q7fkrt6l9k6ie7um2f6z, line 89: WEBGL_debug_renderer_info is deprecated in Firefox and will be removed. Please use RENDERER.
JavaScript warning: https://linkedin-api.arkoselabs.com/cdn/fc/js/57a9de1cb3ad7a57e0bc6f4635abd5096cad779a/standard/fc_general.js, line 2: unreachable code after return statement
JavaScript warning: https://static-exp1.licdn.com/sc/h/20oldnhklhzz1f88661e0volz, line 88: WEBGL_debug_renderer_info is deprecated in Firefox and will be removed. Please use RENDERER.
console.warn: LoginRecipes: "getRecipes: falling back to a synchronous message for:" "https://www.linkedin.com"
JavaScript error: resource://gre/modules/LoginManagerParent.jsm, line 136: TypeError: gRecipeManager is null
console.warn: LoginRecipes: "getRecipes: falling back to a synchronous message for:" "https://www.linkedin.com"
JavaScript error: resource://gre/modules/LoginManagerParent.jsm, line 136: TypeError: gRecipeManager is null
JavaScript warning: https://static-exp1.licdn.com/sc/h/6zty0q7fkrt6l9k6ie7um2f6z, line 89: WEBGL_debug_renderer_info is deprecated in Firefox and will be removed. Please use RENDERER.
JavaScript warning: https://linkedin-api.arkoselabs.com/cdn/fc/js/57a9de1cb3ad7a57e0bc6f4635abd5096cad779a/standard/funcaptcha_api.js, line 2: WEBGL_debug_renderer_info is deprecated in Firefox and will be removed. Please use RENDERER.
JavaScript warning: https://linkedin-api.arkoselabs.com/cdn/fc/js/57a9de1cb3ad7a57e0bc6f4635abd5096cad779a/standard/fc_general.js, line 2: unreachable code after return statement
console.warn: LoginRecipes: "getRecipes: falling back to a synchronous message for:" "https://www.linkedin.com"
JavaScript error: resource://gre/modules/LoginManagerParent.jsm, line 136: TypeError: gRecipeManager is null
console.warn: LoginRecipes: "getRecipes: falling back to a synchronous message for:" "https://www.linkedin.com"
JavaScript error: resource://gre/modules/LoginManagerParent.jsm, line 136: TypeError: gRecipeManager is null
JavaScript warning: https://static-exp1.licdn.com/sc/h/6zty0q7fkrt6l9k6ie7um2f6z, line 89: WEBGL_debug_renderer_info is deprecated in Firefox and will be removed. Please use RENDERER.
JavaScript warning: https://linkedin-api.arkoselabs.com/cdn/fc/js/57a9de1cb3ad7a57e0bc6f4635abd5096cad779a/standard/funcaptcha_api.js, line 2: WEBGL_debug_renderer_info is deprecated in Firefox and will be removed. Please use RENDERER.
JavaScript warning: https://linkedin-api.arkoselabs.com/cdn/fc/js/57a9de1cb3ad7a57e0bc6f4635abd5096cad779a/standard/funcaptcha_api.js, line 2: WEBGL_debug_renderer_info is deprecated in Firefox and will be removed. Please use RENDERER.
JavaScript warning: https://static-exp1.licdn.com/sc/h/6zty0q7fkrt6l9k6ie7um2f6z, line 89: WEBGL_debug_renderer_info is deprecated in Firefox and will be removed. Please use RENDERER.
JavaScript warning: https://static-exp1.licdn.com/sc/h/20oldnhklhzz1f88661e0volz, line 88: WEBGL_debug_renderer_info is deprecated in Firefox and will be removed. Please use RENDERER.
console.warn: LoginRecipes: "getRecipes: falling back to a synchronous message for:" "https://yopmail.com"
JavaScript error: resource://gre/modules/LoginManagerParent.jsm, line 136: TypeError: gRecipeManager is null
JavaScript warning: https://s.yimg.com/wm/mbr/42222654e55f9784023ad16ec27c48dcb0ee0486/bundle.js, line 2: WEBGL_debug_renderer_info is deprecated in Firefox and will be removed. Please use RENDERER.
JavaScript warning: https://s.yimg.com/wm/mbr/42222654e55f9784023ad16ec27c48dcb0ee0486/bundle.js, line 2: WEBGL_debug_renderer_info is deprecated in Firefox and will be removed. Please use RENDERER.
console.warn: LoginRecipes: "getRecipes: falling back to a synchronous message for:" "https://login.yahoo.com"
JavaScript error: resource://gre/modules/LoginManagerParent.jsm, line 136: TypeError: gRecipeManager is null
JavaScript warning: https://s.yimg.com/wm/mbr/42222654e55f9784023ad16ec27c48dcb0ee0486/bundle.js, line 2: WEBGL_debug_renderer_info is deprecated in Firefox and will be removed. Please use RENDERER.
JavaScript warning: https://s.yimg.com/wm/mbr/42222654e55f9784023ad16ec27c48dcb0ee0486/bundle.js, line 2: WEBGL_debug_renderer_info is deprecated in Firefox and will be removed. Please use RENDERER.
console.warn: LoginRecipes: "getRecipes: falling back to a synchronous message for:" "https://login.yahoo.com"
JavaScript error: resource://gre/modules/LoginManagerParent.jsm, line 136: TypeError: gRecipeManager is null
console.warn: LoginRecipes: "getRecipes: falling back to a synchronous message for:" "https://login.yahoo.com"
JavaScript error: resource://gre/modules/LoginManagerParent.jsm, line 136: TypeError: gRecipeManager is null
JavaScript warning: https://s.yimg.com/wm/mbr/42222654e55f9784023ad16ec27c48dcb0ee0486/bundle.js, line 2: WEBGL_debug_renderer_info is deprecated in Firefox and will be removed. Please use RENDERER.
JavaScript warning: https://s.yimg.com/wm/mbr/42222654e55f9784023ad16ec27c48dcb0ee0486/bundle.js, line 2: WEBGL_debug_renderer_info is deprecated in Firefox and will be removed. Please use RENDERER.
console.warn: LoginRecipes: "getRecipes: falling back to a synchronous message for:" "https://login.yahoo.com"
JavaScript error: resource://gre/modules/LoginManagerParent.jsm, line 136: TypeError: gRecipeManager is null
console.warn: LoginRecipes: "getRecipes: falling back to a synchronous message for:" "https://accounts.google.com"
JavaScript error: resource://gre/modules/LoginManagerParent.jsm, line 136: TypeError: gRecipeManager is null
console.warn: LoginRecipes: "getRecipes: falling back to a synchronous message for:" "https://accounts.google.com"
JavaScript error: resource://gre/modules/LoginManagerParent.jsm, line 136: TypeError: gRecipeManager is null
JavaScript warning: https://accounts.google.com/ServiceLogin?hl=fr&passive=true&continue=https://www.google.com/search%3Fclient%3Dfirefox-b-d%26q%3Dgmail&ec=GAZAAQ line 1 > eval line 5292 > eval line 1 > eval line 1 > eval, line 1: WEBGL_debug_renderer_info is deprecated in Firefox and will be removed. Please use RENDERER.
console.warn: LoginRecipes: "getRecipes: falling back to a synchronous message for:" "https://accounts.google.com"
JavaScript error: resource://gre/modules/LoginManagerParent.jsm, line 136: TypeError: gRecipeManager is null
console.warn: LoginRecipes: "getRecipes: falling back to a synchronous message for:" "https://accounts.google.com"
JavaScript error: resource://gre/modules/LoginManagerParent.jsm, line 136: TypeError: gRecipeManager is null
console.warn: LoginRecipes: "getRecipes: falling back to a synchronous message for:" "https://accounts.google.com"
JavaScript error: resource://gre/modules/LoginManagerParent.jsm, line 136: TypeError: gRecipeManager is null
JavaScript warning: https://accounts.google.com/SignUp?continue=https%3A%2F%2Fwww.google.com%2Fsearch%3Fclient%3Dfirefox-b-d%26q%3Dgmail&hl=fr&dsh=S-1610352607%3A1651088764872645&biz=false line 1 > eval line 3046 > eval line 1 > eval line 1 > eval, line 1: WEBGL_debug_renderer_info is deprecated in Firefox and will be removed. Please use RENDERER.
console.warn: LoginRecipes: "getRecipes: falling back to a synchronous message for:" "https://accounts.google.com"
JavaScript error: resource://gre/modules/LoginManagerParent.jsm, line 136: TypeError: gRecipeManager is null
console.warn: LoginRecipes: "getRecipes: falling back to a synchronous message for:" "https://accounts.google.com"
JavaScript error: resource://gre/modules/LoginManagerParent.jsm, line 136: TypeError: gRecipeManager is null
console.warn: LoginRecipes: "getRecipes: falling back to a synchronous message for:" "https://accounts.google.com"
JavaScript error: resource://gre/modules/LoginManagerParent.jsm, line 136: TypeError: gRecipeManager is null
JavaScript error: https://pagead2.googlesyndication.com/pagead/js/adsbygoogle.js?client=ca-pub-5224126064747013, line 231: uncaught exception: TagError: adsbygoogle.push() error: Invalid responsive width from Matched Content slot 9290249270: 0. Please ensure to put this Matched Content slot into a non-zero width div container.
JavaScript error: https://pagead2.googlesyndication.com/pagead/js/adsbygoogle.js?client=ca-pub-5224126064747013, line 231: uncaught exception: TagError: adsbygoogle.push() error: All ins elements in the DOM with class=adsbygoogle already have ads in them.
JavaScript warning: https://pagead2.googlesyndication.com/bg/LE6A1jkwhzHIveaC2PWdXlafu4EKGxRoxiYl273qJjE.js line 1 > eval line 7487 > eval line 1 > eval line 1 > eval, line 1: WEBGL_debug_renderer_info is deprecated in Firefox and will be removed. Please use RENDERER.
JavaScript warning: https://pagead2.googlesyndication.com/bg/LE6A1jkwhzHIveaC2PWdXlafu4EKGxRoxiYl273qJjE.js line 1 > eval line 6773 > eval line 1 > eval line 1 > eval, line 1: WEBGL_debug_renderer_info is deprecated in Firefox and will be removed. Please use RENDERER.
JavaScript warning: https://pagead2.googlesyndication.com/bg/LE6A1jkwhzHIveaC2PWdXlafu4EKGxRoxiYl273qJjE.js line 1 > eval line 7769 > eval line 1 > eval line 1 > eval, line 1: WEBGL_debug_renderer_info is deprecated in Firefox and will be removed. Please use RENDERER.
JavaScript warning: https://pagead2.googlesyndication.com/bg/LE6A1jkwhzHIveaC2PWdXlafu4EKGxRoxiYl273qJjE.js line 1 > eval line 4507 > eval line 1 > eval line 1 > eval, line 1: WEBGL_debug_renderer_info is deprecated in Firefox and will be removed. Please use RENDERER.
JavaScript error: , line 0: uncaught exception: 7
JavaScript error: , line 0: uncaught exception: 7
JavaScript warning: https://pagead2.googlesyndication.com/bg/LE6A1jkwhzHIveaC2PWdXlafu4EKGxRoxiYl273qJjE.js line 1 > eval line 4952 > eval line 1 > eval line 1 > eval, line 1: WEBGL_debug_renderer_info is deprecated in Firefox and will be removed. Please use RENDERER.
JavaScript warning: https://pagead2.googlesyndication.com/bg/LE6A1jkwhzHIveaC2PWdXlafu4EKGxRoxiYl273qJjE.js line 1 > eval line 6760 > eval line 1 > eval line 1 > eval, line 1: WEBGL_debug_renderer_info is deprecated in Firefox and will be removed. Please use RENDERER.
JavaScript warning: https://pagead2.googlesyndication.com/bg/LE6A1jkwhzHIveaC2PWdXlafu4EKGxRoxiYl273qJjE.js line 1 > eval line 520 > eval line 1 > eval line 1 > eval, line 1: WEBGL_debug_renderer_info is deprecated in Firefox and will be removed. Please use RENDERER.
JavaScript error: , line 0: TypeError: NetworkError when attempting to fetch resource.
JavaScript error: , line 0: TypeError: NetworkError when attempting to fetch resource.
JavaScript error: https://pagead2.googlesyndication.com/pagead/js/adsbygoogle.js?client=ca-pub-5224126064747013, line 231: uncaught exception: TagError: adsbygoogle.push() error: Invalid responsive width from Matched Content slot 9290249270: 0. Please ensure to put this Matched Content slot into a non-zero width div container.
JavaScript warning: https://pagead2.googlesyndication.com/bg/LE6A1jkwhzHIveaC2PWdXlafu4EKGxRoxiYl273qJjE.js line 1 > eval line 4888 > eval line 1 > eval line 1 > eval, line 1: WEBGL_debug_renderer_info is deprecated in Firefox and will be removed. Please use RENDERER.
JavaScript error: , line 0: uncaught exception: 7
JavaScript error: , line 0: uncaught exception: 7
JavaScript error: , line 0: uncaught exception: 7
JavaScript warning: https://pagead2.googlesyndication.com/bg/LE6A1jkwhzHIveaC2PWdXlafu4EKGxRoxiYl273qJjE.js line 1 > eval line 375 > eval line 1 > eval line 1 > eval, line 1: WEBGL_debug_renderer_info is deprecated in Firefox and will be removed. Please use RENDERER.
JavaScript warning: https://pagead2.googlesyndication.com/bg/LE6A1jkwhzHIveaC2PWdXlafu4EKGxRoxiYl273qJjE.js line 1 > eval line 2016 > eval line 1 > eval line 1 > eval, line 1: WEBGL_debug_renderer_info is deprecated in Firefox and will be removed. Please use RENDERER.
JavaScript warning: https://pagead2.googlesyndication.com/bg/LE6A1jkwhzHIveaC2PWdXlafu4EKGxRoxiYl273qJjE.js line 1 > eval line 7247 > eval line 1 > eval line 1 > eval, line 1: WEBGL_debug_renderer_info is deprecated in Firefox and will be removed. Please use RENDERER.
JavaScript warning: https://pagead2.googlesyndication.com/bg/LE6A1jkwhzHIveaC2PWdXlafu4EKGxRoxiYl273qJjE.js line 1 > eval line 2320 > eval line 1 > eval line 1 > eval, line 1: WEBGL_debug_renderer_info is deprecated in Firefox and will be removed. Please use RENDERER.
JavaScript warning: https://pagead2.googlesyndication.com/bg/LE6A1jkwhzHIveaC2PWdXlafu4EKGxRoxiYl273qJjE.js line 1 > eval line 3563 > eval line 1 > eval line 1 > eval, line 1: WEBGL_debug_renderer_info is deprecated in Firefox and will be removed. Please use RENDERER.
JavaScript warning: https://pagead2.googlesyndication.com/bg/LE6A1jkwhzHIveaC2PWdXlafu4EKGxRoxiYl273qJjE.js line 1 > eval line 4180 > eval line 1 > eval line 1 > eval, line 1: WEBGL_debug_renderer_info is deprecated in Firefox and will be removed. Please use RENDERER.
console.warn: LoginRecipes: "getRecipes: falling back to a synchronous message for:" "https://addons.mozilla.org"
JavaScript error: resource://gre/modules/LoginManagerParent.jsm, line 136: TypeError: gRecipeManager is null
console.warn: LoginRecipes: "getRecipes: falling back to a synchronous message for:" "https://accounts.google.com"
JavaScript error: resource://gre/modules/LoginManagerParent.jsm, line 136: TypeError: gRecipeManager is null
Port.onMessage event fired while context is inactive.
JavaScript warning: https://s.yimg.com/wm/mbr/42222654e55f9784023ad16ec27c48dcb0ee0486/bundle.js, line 2: WEBGL_debug_renderer_info is deprecated in Firefox and will be removed. Please use RENDERER.
JavaScript warning: https://s.yimg.com/wm/mbr/42222654e55f9784023ad16ec27c48dcb0ee0486/bundle.js, line 2: WEBGL_debug_renderer_info is deprecated in Firefox and will be removed. Please use RENDERER.
console.warn: LoginRecipes: "getRecipes: falling back to a synchronous message for:" "https://login.yahoo.com"
JavaScript error: resource://gre/modules/LoginManagerParent.jsm, line 136: TypeError: gRecipeManager is null
JavaScript warning: https://s.yimg.com/wm/mbr/42222654e55f9784023ad16ec27c48dcb0ee0486/bundle.js, line 2: WEBGL_debug_renderer_info is deprecated in Firefox and will be removed. Please use RENDERER.
JavaScript warning: https://s.yimg.com/wm/mbr/42222654e55f9784023ad16ec27c48dcb0ee0486/bundle.js, line 2: WEBGL_debug_renderer_info is deprecated in Firefox and will be removed. Please use RENDERER.
console.warn: LoginRecipes: "getRecipes: falling back to a synchronous message for:" "https://login.yahoo.com"
JavaScript error: resource://gre/modules/LoginManagerParent.jsm, line 136: TypeError: gRecipeManager is null
console.warn: LoginRecipes: "getRecipes: falling back to a synchronous message for:" "https://login.yahoo.com"
JavaScript error: resource://gre/modules/LoginManagerParent.jsm, line 136: TypeError: gRecipeManager is null
JavaScript error: , line 0: TypeError: NetworkError when attempting to fetch resource.
JavaScript error: , line 0: TypeError: NetworkError when attempting to fetch resource.
JavaScript error: , line 0: TypeError: NetworkError when attempting to fetch resource.
JavaScript error: , line 0: TypeError: NetworkError when attempting to fetch resource.
JavaScript error: , line 0: TypeError: NetworkError when attempting to fetch resource.
JavaScript error: , line 0: TypeError: NetworkError when attempting to fetch resource.
JavaScript error: , line 0: TypeError: NetworkError when attempting to fetch resource.
JavaScript error: , line 0: TypeError: NetworkError when attempting to fetch resource.
JavaScript error: , line 0: TypeError: NetworkError when attempting to fetch resource.
Port.onMessage event fired while context is inactive.
Port.onMessage event fired while context is inactive.
JavaScript warning: https://www.freeonlinephone.org/archivos/jquery.js, line 2: Using //@ to indicate sourceMappingURL pragmas is deprecated. Use //# instead
console.warn: LoginRecipes: "getRecipes: falling back to a synchronous message for:" "https://www.google.com"
JavaScript error: resource://gre/modules/LoginManagerParent.jsm, line 136: TypeError: gRecipeManager is null
console.warn: LoginRecipes: "getRecipes: falling back to a synchronous message for:" "https://accounts.google.com"
JavaScript error: resource://gre/modules/LoginManagerParent.jsm, line 136: TypeError: gRecipeManager is null
Port.onMessage event fired while context is inactive.
Port.onMessage event fired while context is inactive.
console.warn: LoginRecipes: "getRecipes: falling back to a synchronous message for:" "https://www.linkedin.com"
JavaScript error: resource://gre/modules/LoginManagerParent.jsm, line 136: TypeError: gRecipeManager is null
console.warn: LoginRecipes: "getRecipes: falling back to a synchronous message for:" "https://www.linkedin.com"
JavaScript error: resource://gre/modules/LoginManagerParent.jsm, line 136: TypeError: gRecipeManager is null
console.warn: LoginRecipes: "getRecipes: falling back to a synchronous message for:" "https://www.linkedin.com"
JavaScript error: resource://gre/modules/LoginManagerParent.jsm, line 136: TypeError: gRecipeManager is null
console.warn: LoginRecipes: "getRecipes: falling back to a synchronous message for:" "https://www.linkedin.com"
JavaScript error: resource://gre/modules/LoginManagerParent.jsm, line 136: TypeError: gRecipeManager is null
console.warn: LoginRecipes: "getRecipes: falling back to a synchronous message for:" "https://www.linkedin.com"
JavaScript error: resource://gre/modules/LoginManagerParent.jsm, line 136: TypeError: gRecipeManager is null
console.warn: LoginRecipes: "getRecipes: falling back to a synchronous message for:" "https://www.linkedin.com"
JavaScript error: resource://gre/modules/LoginManagerParent.jsm, line 136: TypeError: gRecipeManager is null
console.warn: LoginRecipes: "getRecipes: falling back to a synchronous message for:" "https://www.linkedin.com"
JavaScript error: resource://gre/modules/LoginManagerParent.jsm, line 136: TypeError: gRecipeManager is null
console.warn: LoginRecipes: "getRecipes: falling back to a synchronous message for:" "https://www.linkedin.com"
JavaScript error: resource://gre/modules/LoginManagerParent.jsm, line 136: TypeError: gRecipeManager is null
console.warn: LoginRecipes: "getRecipes: falling back to a synchronous message for:" "https://www.linkedin.com"
JavaScript error: resource://gre/modules/LoginManagerParent.jsm, line 136: TypeError: gRecipeManager is null
console.warn: LoginRecipes: "getRecipes: falling back to a synchronous message for:" "https://www.linkedin.com"
JavaScript error: resource://gre/modules/LoginManagerParent.jsm, line 136: TypeError: gRecipeManager is null
console.warn: LoginRecipes: "getRecipes: falling back to a synchronous message for:" "https://www.linkedin.com"
JavaScript error: resource://gre/modules/LoginManagerParent.jsm, line 136: TypeError: gRecipeManager is null
JavaScript error: resource://gre/modules/XULStore.jsm, line 66: Error: Can't find profile directory.
JavaScript error: resource://gre/modules/XULStore.jsm, line 66: Error: Can't find profile directory.
Port.onMessage event fired while context is inactive.
console.warn: LoginRecipes: "getRecipes: falling back to a synchronous message for:" "https://www.linkedin.com"
JavaScript error: resource://gre/modules/LoginManagerParent.jsm, line 136: TypeError: gRecipeManager is null
console.warn: LoginRecipes: "getRecipes: falling back to a synchronous message for:" "https://www.linkedin.com"
JavaScript error: resource://gre/modules/LoginManagerParent.jsm, line 136: TypeError: gRecipeManager is null
Port.onMessage event fired while context is inactive.
console.warn: LoginRecipes: "getRecipes: falling back to a synchronous message for:" "https://www.linkedin.com"
JavaScript error: resource://gre/modules/LoginManagerParent.jsm, line 136: TypeError: gRecipeManager is null
JavaScript warning: https://static-exp1.licdn.com/sc/h/48a6n6kanpfiu9n25v9hhpujp, line 6983: unreachable code after return statement
JavaScript warning: https://static-exp1.licdn.com/sc/h/48a6n6kanpfiu9n25v9hhpujp, line 19063: unreachable code after return statement
JavaScript warning: https://static-exp1.licdn.com/sc/h/51ad8z9jb4j3olbwkceuyx7pm, line 2516: unreachable code after return statement
console.warn: LoginRecipes: "getRecipes: falling back to a synchronous message for:" "https://temp-mail.org"
JavaScript error: resource://gre/modules/LoginManagerParent.jsm, line 136: TypeError: gRecipeManager is null
console.warn: LoginRecipes: "getRecipes: falling back to a synchronous message for:" "https://temp-mail.org"
JavaScript error: resource://gre/modules/LoginManagerParent.jsm, line 136: TypeError: gRecipeManager is null
console.warn: LoginRecipes: "getRecipes: falling back to a synchronous message for:" "https://temp-mail.org"
JavaScript error: resource://gre/modules/LoginManagerParent.jsm, line 136: TypeError: gRecipeManager is null
console.warn: LoginRecipes: "getRecipes: falling back to a synchronous message for:" "https://temp-mail.org"
JavaScript error: resource://gre/modules/LoginManagerParent.jsm, line 136: TypeError: gRecipeManager is null
console.warn: LoginRecipes: "getRecipes: falling back to a synchronous message for:" "https://www.linkedin.com"
JavaScript error: resource://gre/modules/LoginManagerParent.jsm, line 136: TypeError: gRecipeManager is null
Port.onMessage event fired while context is inactive.
Port.onMessage event fired while context is inactive.
console.warn: LoginRecipes: "getRecipes: falling back to a synchronous message for:" "https://www.linkedin.com"
JavaScript error: resource://gre/modules/LoginManagerParent.jsm, line 136: TypeError: gRecipeManager is null
console.warn: LoginRecipes: "getRecipes: falling back to a synchronous message for:" "https://www.linkedin.com"
JavaScript error: resource://gre/modules/LoginManagerParent.jsm, line 136: TypeError: gRecipeManager is null
console.warn: LoginRecipes: "getRecipes: falling back to a synchronous message for:" "https://www.linkedin.com"
JavaScript error: resource://gre/modules/LoginManagerParent.jsm, line 136: TypeError: gRecipeManager is null
Port.onMessage event fired while context is inactive.
Port.onMessage event fired while context is inactive.
JavaScript warning: https://static-exp1.licdn.com/sc/h/11hatridevjt4q38bc41ddl96, line 39: unreachable code after return statement
JavaScript warning: https://static-exp1.licdn.com/sc/h/dv10m7qkwxyahjl264apn93mx, line 6: unreachable code after return statement
console.warn: LoginRecipes: "getRecipes: falling back to a synchronous message for:" "https://www.linkedin.com"
JavaScript error: resource://gre/modules/LoginManagerParent.jsm, line 136: TypeError: gRecipeManager is null
JavaScript warning: https://static-exp1.licdn.com/sc/h/2p20sitbsbr38yybbldjm9zge, line 6: unreachable code after return statement
JavaScript warning: https://static-exp1.licdn.com/sc/h/c3fowrvmexk138cdswemlxztq, line 6: unreachable code after return statement
JavaScript warning: https://static-exp1.licdn.com/sc/h/4t9v9hxs3ht8o070vohgrctq1, line 6: unreachable code after return statement
JavaScript warning: https://static-exp1.licdn.com/sc/h/4awwdfwd8npdai1t7l7dh895w, line 39: unreachable code after return statement
JavaScript warning: https://static-exp1.licdn.com/sc/h/7wqmjhb5okhpd263wipimpk29, line 6: unreachable code after return statement
console.warn: LoginRecipes: "getRecipes: falling back to a synchronous message for:" "https://www.linkedin.com"
JavaScript error: resource://gre/modules/LoginManagerParent.jsm, line 136: TypeError: gRecipeManager is null
console.warn: LoginRecipes: "getRecipes: falling back to a synchronous message for:" "https://www.linkedin.com"
JavaScript error: resource://gre/modules/LoginManagerParent.jsm, line 136: TypeError: gRecipeManager is null
JavaScript warning: https://static-exp1.licdn.com/sc/h/20oldnhklhzz1f88661e0volz, line 88: WEBGL_debug_renderer_info is deprecated in Firefox and will be removed. Please use RENDERER.
Port.onMessage event fired while context is inactive.
Port.onMessage event fired while context is inactive.
console.warn: LoginRecipes: "getRecipes: falling back to a synchronous message for:" "https://www.linkedin.com"
JavaScript error: resource://gre/modules/LoginManagerParent.jsm, line 136: TypeError: gRecipeManager is null
JavaScript warning: https://static-exp1.licdn.com/sc/h/5x551rv91h1545imm4yjueanc, line 1: WEBGL_debug_renderer_info is deprecated in Firefox and will be removed. Please use RENDERER.
JavaScript warning: https://static-exp1.licdn.com/sc/h/5x551rv91h1545imm4yjueanc, line 1: WEBGL_debug_renderer_info is deprecated in Firefox and will be removed. Please use RENDERER.
SourceActor threw an exception: [Exception... "Failed to open input source 'resource://gre/modules/ExtensionContent.jsm'"  nsresult: "0x805303f4 (<unknown>)"  location: "JS frame :: resource://devtools/shared/DevToolsUtils.js :: mainThreadFetch/< :: line 670"  data: yes]
Stack: mainThreadFetch/<@resource://devtools/shared/DevToolsUtils.js:670:15
mainThreadFetch@resource://devtools/shared/DevToolsUtils.js:516:10
_fetchURLContents@resource://devtools/server/actors/utils/sources-manager.js:446:22
urlContents@resource://devtools/server/actors/utils/sources-manager.js:410:17
_resurrectSource@resource://devtools/server/actors/thread.js:2118:35
addAllSources@resource://devtools/server/actors/thread.js:1479:14
watch@resource://devtools/server/actors/resources/sources.js:62:17
watchResources@resource://devtools/server/actors/resources/index.js:242:19
_watchTargetResources@resource://devtools/server/actors/targets/target-actor-mixin.js:161:24
addSessionDataEntry@resource://devtools/server/actors/targets/target-actor-mixin.js:53:20
_addSessionDataEntry@resource://devtools/server/connectors/js-window-actor/DevToolsFrameChild.jsm:556:24
receiveMessage@resource://devtools/server/connectors/js-window-actor/DevToolsFrameChild.jsm:465:21
Line: 670, column: 0
console.error: ({})
SourceActor threw an exception: [Exception... "Failed to open input source 'moz-extension://62477d33-863f-40b2-8f2f-bc9d4737ef08/js/vapi.js'"  nsresult: "0x805303f4 (<unknown>)"  location: "JS frame :: resource://devtools/shared/DevToolsUtils.js :: mainThreadFetch/< :: line 670"  data: yes]
Stack: mainThreadFetch/<@resource://devtools/shared/DevToolsUtils.js:670:15
mainThreadFetch@resource://devtools/shared/DevToolsUtils.js:516:10
_fetchURLContents@resource://devtools/server/actors/utils/sources-manager.js:446:22
urlContents@resource://devtools/server/actors/utils/sources-manager.js:410:17
_resurrectSource@resource://devtools/server/actors/thread.js:2118:35
addAllSources@resource://devtools/server/actors/thread.js:1479:14
watch@resource://devtools/server/actors/resources/sources.js:62:17
watchResources@resource://devtools/server/actors/resources/index.js:242:19
_watchTargetResources@resource://devtools/server/actors/targets/target-actor-mixin.js:161:24
addSessionDataEntry@resource://devtools/server/actors/targets/target-actor-mixin.js:53:20
_addSessionDataEntry@resource://devtools/server/connectors/js-window-actor/DevToolsFrameChild.jsm:556:24
receiveMessage@resource://devtools/server/connectors/js-window-actor/DevToolsFrameChild.jsm:465:21
Line: 670, column: 0
console.error: ({})
JavaScript error: resource://devtools/shared/DevToolsUtils.js, line 670: Failed to open input source 'resource://gre/modules/ExtensionContent.jsm'
JavaScript error: resource://devtools/shared/DevToolsUtils.js, line 670: Failed to open input source 'moz-extension://62477d33-863f-40b2-8f2f-bc9d4737ef08/js/vapi.js'
Port.onMessage event fired while context is inactive.
Port.onMessage event fired while context is inactive.
Port.onMessage event fired while context is inactive.
Port.onMessage event fired while context is inactive.
Port.onMessage event fired while context is inactive.
Port.onMessage event fired while context is inactive.
Port.onMessage event fired while context is inactive.
Port.onMessage event fired while context is inactive.
Port.onMessage event fired while context is inactive.
Port.onMessage event fired while context is inactive.
JavaScript error: , line 0: NotFoundError: No such JSWindowActor 'DevToolsFrame'
JavaScript error: , line 0: NotFoundError: No such JSWindowActor 'DevToolsFrame'
1651095588529	Marionette	INFO	Stopped listening on port 62614
console.warn: TopSitesFeed: Failed to fetch data from Contile server: NetworkError when attempting to fetch resource.

###!!! [Parent][PGPUParent] Error: RunMessage(msgname=PGPU::Msg_ShutdownVR) Channel closing: too late to send/recv, messages will be lost

ilezy3wOa"
1651091170250	Marionette	INFO	Marionette enabled
console.warn: SearchSettings: "get: No settings file exists, new profile?" (new NotFoundError("Could not open the file at C:\\Users\\33652\\AppData\\Local\\Temp\\rust_mozprofilezy3wOa\\search.json.mozlz4", (void 0)))
DevTools listening on ws://localhost:63711/devtools/browser/1c29a3a0-0928-4964-98da-54dfb0a73821
1651091172573	Marionette	INFO	Listening on port 63734
Read port: 63734
1651091172685	RemoteAgent	WARN	TLS certificate errors will be ignored for this session
JavaScript warning: https://static-exp1.licdn.com/sc/h/5x551rv91h1545imm4yjueanc, line 1: WEBGL_debug_renderer_info is deprecated in Firefox and will be removed. Please use RENDERER.
JavaScript warning: https://static-exp1.licdn.com/sc/h/5x551rv91h1545imm4yjueanc, line 1: WEBGL_debug_renderer_info is deprecated in Firefox and will be removed. Please use RENDERER.
1651091270594	Marionette	INFO	Stopped listening on port 63734
console.warn: TopSitesFeed: Failed to fetch data from Contile server: NetworkError when attempting to fetch resource.
[Parent 2844, IPC I/O Parent] WARNING: file /builds/worker/checkouts/gecko/ipc/chromium/src/base/process_util_win.cc:167
1651091272397	geckodriver	INFO	Listening on 127.0.0.1:63793
1651091275451	mozrunner::runner	INFO	Running command: "C:\\Program Files\\Mozilla Firefox\\firefox.exe" "--marionette" "--remote-debugging-port" "63794" "--remote-allow-hosts" "localhost" "-no-remote" "-profile" "C:\\Users\\33652\\AppData\\Local\\Temp\\rust_mozprofile2yAz7v"
1651091275764	Marionette	INFO	Marionette enabled
console.warn: SearchSettings: "get: No settings file exists, new profile?" (new NotFoundError("Could not open the file at C:\\Users\\33652\\AppData\\Local\\Temp\\rust_mozprofile2yAz7v\\search.json.mozlz4", (void 0)))
DevTools listening on ws://localhost:63794/devtools/browser/25974ab0-a39b-44dd-9aee-60c70941efff
1651091277808	Marionette	INFO	Listening on port 63817
Read port: 63817
1651091277879	RemoteAgent	WARN	TLS certificate errors will be ignored for this session
JavaScript warning: https://static-exp1.licdn.com/sc/h/5x551rv91h1545imm4yjueanc, line 1: WEBGL_debug_renderer_info is deprecated in Firefox and will be removed. Please use RENDERER.
JavaScript warning: https://static-exp1.licdn.com/sc/h/5x551rv91h1545imm4yjueanc, line 1: WEBGL_debug_renderer_info is deprecated in Firefox and will be removed. Please use RENDERER.
JavaScript error: resource://gre/modules/AsyncShutdown.jsm, line 575: NotFoundError: No such JSWindowActor 'DevToolsFrame'
JavaScript error: resource://gre/modules/AsyncShutdown.jsm, line 575: NotFoundError: No such JSWindowActor 'DevToolsFrame'
1651091520386	Marionette	INFO	Stopped listening on port 63817
console.warn: TopSitesFeed: Failed to fetch data from Contile server: NetworkError when attempting to fetch resource.
[Parent 12948, IPC I/O Parent] WARNING: file /builds/worker/checkouts/gecko/ipc/chromium/src/base/process_util_win.cc:167
1651091523324	geckodriver	INFO	Listening on 127.0.0.1:63887
1651091526397	mozrunner::runner	INFO	Running command: "C:\\Program Files\\Mozilla Firefox\\firefox.exe" "--marionette" "--remote-debugging-port" "63888" "--remote-allow-hosts" "localhost" "-no-remote" "-profile" "C:\\Users\\33652\\AppData\\Local\\Temp\\rust_mozprofileWJWL3K"
1651091526726	Marionette	INFO	Marionette enabled
console.warn: SearchSettings: "get: No settings file exists, new profile?" (new NotFoundError("Could not open the file at C:\\Users\\33652\\AppData\\Local\\Temp\\rust_mozprofileWJWL3K\\search.json.mozlz4", (void 0)))
DevTools listening on ws://localhost:63888/devtools/browser/7d7fb937-296f-45d4-8b4d-c7afa65fca4d
1651091528683	Marionette	INFO	Listening on port 63911
Read port: 63911
1651091528724	RemoteAgent	WARN	TLS certificate errors will be ignored for this session
JavaScript warning: https://static-exp1.licdn.com/sc/h/5x551rv91h1545imm4yjueanc, line 1: WEBGL_debug_renderer_info is deprecated in Firefox and will be removed. Please use RENDERER.
JavaScript warning: https://static-exp1.licdn.com/sc/h/5x551rv91h1545imm4yjueanc, line 1: WEBGL_debug_renderer_info is deprecated in Firefox and will be removed. Please use RENDERER.
console.warn: LoginRecipes: "getRecipes: falling back to a synchronous message for:" "https://www.linkedin.com"
console.warn: LoginRecipes: "getRecipes: falling back to a synchronous message for:" "https://www.linkedin.com"
JavaScript error: resource://gre/modules/LoginManagerParent.jsm, line 136: TypeError: gRecipeManager is null
JavaScript warning: https://static-exp1.licdn.com/sc/h/2qe2ch488m9ek7yzy348udmwd, line 5061: unreachable code after return statement
console.warn: LoginRecipes: "getRecipes: falling back to a synchronous message for:" "https://www.linkedin.com"
JavaScript error: resource://gre/modules/LoginManagerParent.jsm, line 136: TypeError: gRecipeManager is null
console.error: (new TypeError("currentNode is null", "resource://devtools/client/inspector/shared/style-change-tracker.js", 66))
TypeError: currentNode is null: canMutationImpactCurrentStyles@resource://devtools/client/inspector/shared/style-change-tracker.js:66:20
onMutations@resource://devtools/client/inspector/shared/style-change-tracker.js:84:41
_emit@resource://devtools/shared/event-emitter.js:242:32
emit@resource://devtools/shared/event-emitter.js:186:18
emit@resource://devtools/shared/event-emitter.js:330:18
getMutations@resource://devtools/client/fronts/walker.js:312:10

JavaScript warning: https://static-exp1.licdn.com/sc/h/48a6n6kanpfiu9n25v9hhpujp, line 6983: unreachable code after return statement
JavaScript warning: https://static-exp1.licdn.com/sc/h/48a6n6kanpfiu9n25v9hhpujp, line 19063: unreachable code after return statement
JavaScript warning: https://static-exp1.licdn.com/sc/h/dv10m7qkwxyahjl264apn93mx, line 6: unreachable code after return statement
JavaScript warning: https://static-exp1.licdn.com/sc/h/11hatridevjt4q38bc41ddl96, line 39: unreachable code after return statement
JavaScript warning: https://static-exp1.licdn.com/sc/h/51ad8z9jb4j3olbwkceuyx7pm, line 2516: unreachable code after return statement
JavaScript warning: https://static-exp1.licdn.com/sc/h/11hatridevjt4q38bc41ddl96, line 39: unreachable code after return statement
JavaScript warning: https://static-exp1.licdn.com/sc/h/2p20sitbsbr38yybbldjm9zge, line 6: unreachable code after return statement
JavaScript warning: https://static-exp1.licdn.com/sc/h/c3fowrvmexk138cdswemlxztq, line 6: unreachable code after return statement
JavaScript warning: https://static-exp1.licdn.com/sc/h/4t9v9hxs3ht8o070vohgrctq1, line 6: unreachable code after return statement
JavaScript warning: https://static-exp1.licdn.com/sc/h/4awwdfwd8npdai1t7l7dh895w, line 39: unreachable code after return statement
JavaScript warning: https://static-exp1.licdn.com/sc/h/7wqmjhb5okhpd263wipimpk29, line 6: unreachable code after return statement
JavaScript error: , line 0: NotFoundError: No such JSWindowActor 'DevToolsFrame'
JavaScript error: , line 0: NotFoundError: No such JSWindowActor 'DevToolsFrame'
JavaScript error: , line 0: NotFoundError: No such JSWindowActor 'DevToolsFrame'
JavaScript error: resource://gre/modules/AsyncShutdown.jsm, line 575: NotFoundError: No such JSWindowActor 'DevToolsFrame'
JavaScript error: resource://gre/modules/AsyncShutdown.jsm, line 575: NotFoundError: No such JSWindowActor 'DevToolsFrame'
JavaScript error: resource://gre/modules/AsyncShutdown.jsm, line 575: NotFoundError: No such JSWindowActor 'DevToolsFrame'
1651092292767	Marionette	INFO	Stopped listening on port 63911
console.warn: TopSitesFeed: Failed to fetch data from Contile server: NetworkError when attempting to fetch resource.
1651093615295	geckodriver	INFO	Listening on 127.0.0.1:64566
1651093618345	mozrunner::runner	INFO	Running command: "C:\\Program Files\\Mozilla Firefox\\firefox.exe" "--marionette" "--remote-debugging-port" "64567" "--remote-allow-hosts" "localhost" "-no-remote" "-profile" "C:\\Users\\33652\\AppData\\Local\\Temp\\rust_mozprofileS4EcZc"
1651093618676	Marionette	INFO	Marionette enabled
console.warn: SearchSettings: "get: No settings file exists, new profile?" (new NotFoundError("Could not open the file at C:\\Users\\33652\\AppData\\Local\\Temp\\rust_mozprofileS4EcZc\\search.json.mozlz4", (void 0)))
DevTools listening on ws://localhost:64567/devtools/browser/4fe3d5c6-2e69-4074-ad23-257581deddf7
1651093620634	Marionette	INFO	Listening on port 64590
Read port: 64590
1651093620663	RemoteAgent	WARN	TLS certificate errors will be ignored for this session
JavaScript warning: https://static-exp1.licdn.com/sc/h/5x551rv91h1545imm4yjueanc, line 1: WEBGL_debug_renderer_info is deprecated in Firefox and will be removed. Please use RENDERER.
JavaScript warning: https://static-exp1.licdn.com/sc/h/5x551rv91h1545imm4yjueanc, line 1: WEBGL_debug_renderer_info is deprecated in Firefox and will be removed. Please use RENDERER.
console.warn: LoginRecipes: "getRecipes: falling back to a synchronous message for:" "https://www.linkedin.com"
console.warn: LoginRecipes: "getRecipes: falling back to a synchronous message for:" "https://www.linkedin.com"
JavaScript error: resource://gre/modules/LoginManagerParent.jsm, line 136: TypeError: gRecipeManager is null
JavaScript warning: https://static-exp1.licdn.com/sc/h/48a6n6kanpfiu9n25v9hhpujp, line 6983: unreachable code after return statement
JavaScript warning: https://static-exp1.licdn.com/sc/h/48a6n6kanpfiu9n25v9hhpujp, line 19063: unreachable code after return statement
JavaScript warning: https://static-exp1.licdn.com/sc/h/dv10m7qkwxyahjl264apn93mx, line 6: unreachable code after return statement
JavaScript warning: https://static-exp1.licdn.com/sc/h/11hatridevjt4q38bc41ddl96, line 39: unreachable code after return statement
JavaScript warning: https://static-exp1.licdn.com/sc/h/51ad8z9jb4j3olbwkceuyx7pm, line 2516: unreachable code after return statement
JavaScript warning: https://static-exp1.licdn.com/sc/h/48a6n6kanpfiu9n25v9hhpujp, line 19063: unreachable code after return statement
JavaScript warning: https://static-exp1.licdn.com/sc/h/2p20sitbsbr38yybbldjm9zge, line 6: unreachable code after return statement
JavaScript warning: https://static-exp1.licdn.com/sc/h/c3fowrvmexk138cdswemlxztq, line 6: unreachable code after return statement
JavaScript warning: https://static-exp1.licdn.com/sc/h/4t9v9hxs3ht8o070vohgrctq1, line 6: unreachable code after return statement
JavaScript warning: https://static-exp1.licdn.com/sc/h/4awwdfwd8npdai1t7l7dh895w, line 39: unreachable code after return statement
JavaScript warning: https://static-exp1.licdn.com/sc/h/7wqmjhb5okhpd263wipimpk29, line 6: unreachable code after return statement
JavaScript error: , line 0: NotFoundError: No such JSWindowActor 'DevToolsFrame'
JavaScript error: , line 0: NotFoundError: No such JSWindowActor 'DevToolsFrame'
JavaScript error: , line 0: NotFoundError: No such JSWindowActor 'DevToolsFrame'
1651093698981	Marionette	INFO	Stopped listening on port 64590
console.warn: TopSitesFeed: Failed to fetch data from Contile server: NetworkError when attempting to fetch resource.
[Parent 11652, IPC I/O Parent] WARNING: file /builds/worker/checkouts/gecko/ipc/chromium/src/base/process_util_win.cc:167

###!!! [Parent][PGPUParent] Error: RunMessage(msgname=PGPU::Msg_ShutdownVR) Channel closing: too late to send/recv, messages will be lost

1651093700436	geckodriver	INFO	Listening on 127.0.0.1:64664
1651093703510	mozrunner::runner	INFO	Running command: "C:\\Program Files\\Mozilla Firefox\\firefox.exe" "--marionette" "--remote-debugging-port" "64665" "--remote-allow-hosts" "localhost" "-no-remote" "-profile" "C:\\Users\\33652\\AppData\\Local\\Temp\\rust_mozprofileGzllT7"
1651093703811	Marionette	INFO	Marionette enabled
console.warn: SearchSettings: "get: No settings file exists, new profile?" (new NotFoundError("Could not open the file at C:\\Users\\33652\\AppData\\Local\\Temp\\rust_mozprofileGzllT7\\search.json.mozlz4", (void 0)))
DevTools listening on ws://localhost:64665/devtools/browser/85b0a7cd-cb73-4c46-bcc8-1067c18c01b3
1651093705925	Marionette	INFO	Listening on port 64693
Read port: 64693
1651093706035	RemoteAgent	WARN	TLS certificate errors will be ignored for this session
JavaScript warning: https://static-exp1.licdn.com/sc/h/5x551rv91h1545imm4yjueanc, line 1: WEBGL_debug_renderer_info is deprecated in Firefox and will be removed. Please use RENDERER.
JavaScript warning: https://static-exp1.licdn.com/sc/h/5x551rv91h1545imm4yjueanc, line 1: WEBGL_debug_renderer_info is deprecated in Firefox and will be removed. Please use RENDERER.
console.warn: LoginRecipes: "getRecipes: falling back to a synchronous message for:" "https://www.linkedin.com"
console.warn: LoginRecipes: "getRecipes: falling back to a synchronous message for:" "https://www.linkedin.com"
JavaScript error: resource://gre/modules/LoginManagerParent.jsm, line 136: TypeError: gRecipeManager is null
JavaScript warning: https://static-exp1.licdn.com/sc/h/48a6n6kanpfiu9n25v9hhpujp, line 6983: unreachable code after return statement
JavaScript warning: https://static-exp1.licdn.com/sc/h/48a6n6kanpfiu9n25v9hhpujp, line 19063: unreachable code after return statement
JavaScript warning: https://static-exp1.licdn.com/sc/h/dv10m7qkwxyahjl264apn93mx, line 6: unreachable code after return statement
JavaScript warning: https://static-exp1.licdn.com/sc/h/11hatridevjt4q38bc41ddl96, line 39: unreachable code after return statement
JavaScript warning: https://static-exp1.licdn.com/sc/h/51ad8z9jb4j3olbwkceuyx7pm, line 2516: unreachable code after return statement
JavaScript warning: https://static-exp1.licdn.com/sc/h/2p20sitbsbr38yybbldjm9zge, line 6: unreachable code after return statement
JavaScript warning: https://static-exp1.licdn.com/sc/h/c3fowrvmexk138cdswemlxztq, line 6: unreachable code after return statement
JavaScript warning: https://static-exp1.licdn.com/sc/h/4t9v9hxs3ht8o070vohgrctq1, line 6: unreachable code after return statement
JavaScript warning: https://static-exp1.licdn.com/sc/h/4awwdfwd8npdai1t7l7dh895w, line 39: unreachable code after return statement
JavaScript warning: https://static-exp1.licdn.com/sc/h/7wqmjhb5okhpd263wipimpk29, line 6: unreachable code after return statement
JavaScript warning: https://static-exp1.licdn.com/sc/h/c0mpb6nbd3v1apcuge1qh2wp, line 6: unreachable code after return statement
console.error: "Error writing response to: getApplied"
console.error: "Error while calling actor 'pagestyle's method 'getApplied'" "Attempted to write a response containing a destroyed actor"
console.error: (new Error("Attempted to write a response containing a destroyed actor", "resource://devtools/shared/protocol/types.js", 355))
console.error: (new TypeError("parent is null", "resource://devtools/client/inspector/shared/style-change-tracker.js", 67))
TypeError: parent is null: canMutationImpactCurrentStyles@resource://devtools/client/inspector/shared/style-change-tracker.js:67:24
onMutations@resource://devtools/client/inspector/shared/style-change-tracker.js:84:41
_emit@resource://devtools/shared/event-emitter.js:242:32
emit@resource://devtools/shared/event-emitter.js:186:18
emit@resource://devtools/shared/event-emitter.js:330:18
getMutations@resource://devtools/client/fronts/walker.js:312:10

JavaScript warning: https://static-exp1.licdn.com/sc/h/48a6n6kanpfiu9n25v9hhpujp, line 6983: unreachable code after return statement
JavaScript warning: https://static-exp1.licdn.com/sc/h/48a6n6kanpfiu9n25v9hhpujp, line 19063: unreachable code after return statement
JavaScript warning: https://static-exp1.licdn.com/sc/h/2aig712svbsiyytd66zknlir0, line 6: unreachable code after return statement
JavaScript warning: https://static-exp1.licdn.com/sc/h/11hatridevjt4q38bc41ddl96, line 39: unreachable code after return statement
JavaScript warning: https://static-exp1.licdn.com/sc/h/51ad8z9jb4j3olbwkceuyx7pm, line 2516: unreachable code after return statement
JavaScript warning: https://static-exp1.licdn.com/sc/h/51ad8z9jb4j3olbwkceuyx7pm, line 2516: unreachable code after return statement
JavaScript warning: https://static-exp1.licdn.com/sc/h/c3fowrvmexk138cdswemlxztq, line 6: unreachable code after return statement
JavaScript warning: https://static-exp1.licdn.com/sc/h/4t9v9hxs3ht8o070vohgrctq1, line 6: unreachable code after return statement
JavaScript warning: https://static-exp1.licdn.com/sc/h/dv10m7qkwxyahjl264apn93mx, line 6: unreachable code after return statement
JavaScript warning: https://static-exp1.licdn.com/sc/h/c0mpb6nbd3v1apcuge1qh2wp, line 6: unreachable code after return statement
JavaScript warning: https://static-exp1.licdn.com/sc/h/7wqmjhb5okhpd263wipimpk29, line 6: unreachable code after return statement
JavaScript error: https://static-exp1.licdn.com/sc/h/7mzy7cwjau88vnrxdlzye5ocd, line 1555: TypeError: e is undefined
JavaScript error: https://static-exp1.licdn.com/sc/h/7mzy7cwjau88vnrxdlzye5ocd, line 1555: TypeError: e is undefined
JavaScript warning: https://static-exp1.licdn.com/sc/h/2p20sitbsbr38yybbldjm9zge, line 6: unreachable code after return statement
[Child 7580, MediaDecoderStateMachine #1] WARNING: 205e0f8f040 Could not set cubeb stream name.: file /builds/worker/checkouts/gecko/dom/media/AudioStream.cpp:330
JavaScript warning: https://static-exp1.licdn.com/sc/h/4awwdfwd8npdai1t7l7dh895w, line 39: unreachable code after return statement
JavaScript warning: https://static-exp1.licdn.com/sc/h/51ad8z9jb4j3olbwkceuyx7pm, line 2516: unreachable code after return statement
JavaScript error: resource://devtools/server/connectors/js-window-actor/DevToolsFrameParent.jsm, line 217: TypeError: watcher is undefined
JavaScript error: resource://devtools/server/connectors/js-window-actor/DevToolsFrameParent.jsm, line 217: TypeError: watcher is undefined
JavaScript error: resource://devtools/server/connectors/js-window-actor/DevToolsFrameParent.jsm, line 217: TypeError: watcher is undefined
JavaScript error: resource://gre/modules/AsyncShutdown.jsm, line 575: NotFoundError: No such JSWindowActor 'DevToolsFrame'
JavaScript error: resource://gre/modules/AsyncShutdown.jsm, line 575: NotFoundError: No such JSWindowActor 'DevToolsFrame'
JavaScript error: resource://gre/modules/AsyncShutdown.jsm, line 575: NotFoundError: No such JSWindowActor 'DevToolsFrame'
1651095588944	Marionette	INFO	Stopped listening on port 64693

###!!! [Parent][PGPUParent] Error: RunMessage(msgname=PGPU::Msg_ShutdownVR) Channel closing: too late to send/recv, messages will be lost

eed: Failed to fetch data from Contile server: NetworkError when attempting to fetch resource.
